<?xml version="1.0" encoding="utf-8"?><testsuites><testsuite name="pytest" errors="0" failures="0" skipped="0" tests="11" time="1.450" timestamp="2022-10-31T22:13:01.913400" hostname="ginett-X510UAR"><testcase classname="tests.test_base.Test_Pruebas" name="test" time="0.001" /><testcase classname="tests.test_base.Test_Pruebas" name="test" time="0.001" /><testcase classname="tests.test_comentarioAlbum.Test_Pruebas" name="test_consulta" time="0.160" /><testcase classname="tests.test_comentarioAlbum.Test_Pruebas" name="test_consulta_albumComent" time="0.096" /><testcase classname="tests.test_comentarioAlbum.Test_Pruebas" name="test_consulta_sincomentarios" time="0.077" /><testcase classname="tests.test_comentarioAlbum.Test_Pruebas" name="test_post_albumComent" time="0.113" /><testcase classname="tests.test_compartirCancion.Test_compartirCancion" name="test_consulta_sincompartir" time="0.097" /><testcase classname="tests.test_compartirCancion.Test_compartirCancion" name="test_postConsulta" time="0.150" /><testcase classname="tests.test_eliminarComentario.Test_eliminarComentario" name="test_consulta_delete" time="0.103" /><testcase classname="tests.test_signin.Test_Pruebas" name="test_registro_exitoso" time="0.134" /><testcase classname="tests.test_signin.Test_Pruebas" name="test_registro_usuarioexistente" time="0.083" /></testsuite></testsuites>